============================= test session starts ==============================
platform linux -- Python 3.4.6, pytest-3.6.2, py-1.5.4, pluggy-0.6.0
rootdir: /var/lib/jenkins/workspace/algorithms_final_master-HMR4SQVWMPXTDGR7DR4MHA3BUAXSNJU3TFG575ITVJ3EHQ2KJRFA, inifile:
collected 194 items

tests/test_array.py ..........................                           [ 13%]
tests/test_backtrack.py .............                                    [ 20%]
tests/test_bfs.py .                                                      [ 20%]
tests/test_bit.py ........................                               [ 32%]
tests/test_graph.py ...                                                  [ 34%]
tests/test_heap.py ....                                                  [ 36%]
tests/test_linkedlist.py ..........                                      [ 41%]
tests/test_maths.py ......................                               [ 53%]
tests/test_queues.py .....                                               [ 55%]
tests/test_search.py ..........                                          [ 60%]
tests/test_sort.py .................                                     [ 69%]
tests/test_stack.py ..........                                           [ 74%]
tests/test_strings.py ..........................................         [ 96%]
tests/test_tree.py ..                                                    [ 97%]
tests/test_unix.py ....                                                  [ 99%]
tests/graph/test_topsort.py .                                            [100%]

========================== 194 passed in 2.61 seconds ==========================
